#
# There is insufficient memory for the Java Runtime Environment to continue.
# Native memory allocation (mmap) failed to map 268435456 bytes for G1 virtual space
# Possible reasons:
#   The system is out of physical RAM or swap space
#   The process is running with CompressedOops enabled, and the Java Heap may be blocking the growth of the native heap
# Possible solutions:
#   Reduce memory load on the system
#   Increase physical memory or swap space
#   Check if swap backing store is full
#   Decrease Java heap size (-Xmx/-Xms)
#   Decrease number of Java threads
#   Decrease Java thread stack sizes (-Xss)
#   Set larger code cache with -XX:ReservedCodeCacheSize=
#   JVM is running with Zero Based Compressed Oops mode in which the Java heap is
#     placed in the first 32GB address space. The Java Heap base address is the
#     maximum limit for the native heap growth. Please use -XX:HeapBaseMinAddress
#     to set the Java Heap base and to place the Java Heap above 32GB virtual address.
# This output file may be truncated or incomplete.
#
#  Out of Memory Error (os_windows.cpp:3541), pid=22400, tid=26284
#
# JRE version:  (17.0.4.1+1) (build )
# Java VM: OpenJDK 64-Bit Server VM (17.0.4.1+1, mixed mode, sharing, tiered, compressed oops, compressed class ptrs, g1 gc, windows-amd64)
# No core dump will be written. Minidumps are not enabled by default on client versions of Windows
#

---------------  S U M M A R Y ------------

Command Line: -Dfile.encoding=UTF-8 --module-path=C:\Users\andre\.p2\pool\plugins\junit-jupiter-api_5.9.0.jar;C:\Users\andre\.p2\pool\plugins\junit-jupiter-engine_5.9.0.jar;C:\Users\andre\.p2\pool\plugins\junit-jupiter-migrationsupport_5.9.0.jar;C:\Users\andre\.p2\pool\plugins\junit-jupiter-params_5.9.0.jar;C:\Users\andre\.p2\pool\plugins\junit-platform-commons_1.9.0.jar;C:\Users\andre\.p2\pool\plugins\junit-platform-engine_1.9.0.jar;C:\Users\andre\.p2\pool\plugins\junit-platform-launcher_1.9.0.jar;C:\Users\andre\.p2\pool\plugins\junit-platform-runner_1.9.0.jar;C:\Users\andre\.p2\pool\plugins\junit-platform-suite-api_1.9.0.jar;C:\Users\andre\.p2\pool\plugins\junit-platform-suite-engine_1.9.0.jar;C:\Users\andre\.p2\pool\plugins\junit-platform-suite-commons_1.9.0.jar;C:\Users\andre\.p2\pool\plugins\junit-vintage-engine_5.9.0.jar;C:\Users\andre\.p2\pool\plugins\org.opentest4j_1.2.0.jar;C:\Users\andre\.p2\pool\plugins\org.apiguardian.api_1.1.2.jar;C:\Users\andre\.p2\pool\plugins\org.junit_4.13.2.v20211018-1956.jar;C:\Users\andre\.p2\pool\plugins\org.hamcrest.core_1.3.0.v20180420-1519.jar -XX:+ShowCodeDetailsInExceptionMessages Presentacion.Launcher.main

Host: AMD Ryzen 5 3600 6-Core Processor              , 12 cores, 15G,  Windows 10 , 64 bit Build 19041 (10.0.19041.2788)
Time: Thu Apr 27 15:26:52 2023 Romance Daylight Time elapsed time: 0.009465 seconds (0d 0h 0m 0s)

---------------  T H R E A D  ---------------

Current thread (0x000001f7663ace00):  JavaThread "Unknown thread" [_thread_in_vm, id=26284, stack(0x000000e2fbd00000,0x000000e2fbe00000)]

Stack: [0x000000e2fbd00000,0x000000e2fbe00000]
Native frames: (J=compiled Java code, j=interpreted, Vv=VM code, C=native code)
V  [jvm.dll+0x67731a]
V  [jvm.dll+0x832284]
V  [jvm.dll+0x833a2e]
V  [jvm.dll+0x834093]
V  [jvm.dll+0x245775]
V  [jvm.dll+0x674209]
V  [jvm.dll+0x668a92]
V  [jvm.dll+0x30471b]
V  [jvm.dll+0x30bc66]
V  [jvm.dll+0x35ba9e]
V  [jvm.dll+0x35bccf]
V  [jvm.dll+0x2db5b8]
V  [jvm.dll+0x2dc524]
V  [jvm.dll+0x803db1]
V  [jvm.dll+0x3698f1]
V  [jvm.dll+0x7e31bc]
V  [jvm.dll+0x3ec25f]
V  [jvm.dll+0x3edde1]
C  [jli.dll+0x5277]
C  [ucrtbase.dll+0x21bb2]
C  [KERNEL32.DLL+0x17604]
C  [ntdll.dll+0x526a1]


---------------  P R O C E S S  ---------------

Threads class SMR info:
_java_thread_list=0x00007ffb732f4e98, length=0, elements={
}

Java Threads: ( => current thread )

Other Threads:
  0x000001f766417600 GCTaskThread "GC Thread#0" [stack: 0x000000e2fbe00000,0x000000e2fbf00000] [id=20788]
  0x000001f766428c50 ConcurrentGCThread "G1 Main Marker" [stack: 0x000000e2fbf00000,0x000000e2fc000000] [id=23936]
  0x000001f76642aa70 ConcurrentGCThread "G1 Conc#0" [stack: 0x000000e2fc000000,0x000000e2fc100000] [id=25344]

[error occurred during error reporting (printing all threads), id 0xc0000005, EXCEPTION_ACCESS_VIOLATION (0xc0000005) at pc=0x00007ffb72acc047]

VM state: not at safepoint (not fully initialized)

VM Mutex/Monitor currently owned by a thread:  ([mutex/lock_event])
[0x000001f7663a71f0] Heap_lock - owner thread: 0x000001f7663ace00

Heap address: 0x0000000701000000, size: 4080 MB, Compressed Oops mode: Zero based, Oop shift amount: 3

CDS archive(s) mapped at: [0x0000000000000000-0x0000000000000000-0x0000000000000000), size 0, SharedBaseAddress: 0x0000000800000000, ArchiveRelocationMode: 0.
Narrow klass base: 0x0000000000000000, Narrow klass shift: 0, Narrow klass range: 0x0

GC Precious Log:
<Empty>

Heap:
 garbage-first heap   total 0K, used 0K [0x0000000701000000, 0x0000000800000000)
  region size 2048K, 0 young (0K), 0 survivors (0K)

[error occurred during error reporting (printing heap information), id 0xc0000005, EXCEPTION_ACCESS_VIOLATION (0xc0000005) at pc=0x00007ffb72eb0699]

GC Heap History (0 events):
No events

Deoptimization events (0 events):
No events

Classes unloaded (0 events):
No events

Classes redefined (0 events):
No events

Internal exceptions (0 events):
No events

VM Operations (0 events):
No events

Events (1 events):
Event: 0.004 Loaded shared library C:\Users\andre\.p2\pool\plugins\org.eclipse.justj.openjdk.hotspot.jre.full.win32.x86_64_17.0.4.v20220903-1038\jre\bin\java.dll


Dynamic libraries:
0x00007ff6fd4e0000 - 0x00007ff6fd4ee000 	C:\Users\andre\.p2\pool\plugins\org.eclipse.justj.openjdk.hotspot.jre.full.win32.x86_64_17.0.4.v20220903-1038\jre\bin\javaw.exe
0x00007ffbacd50000 - 0x00007ffbacf48000 	C:\WINDOWS\SYSTEM32\ntdll.dll
0x00007ffbac170000 - 0x00007ffbac22f000 	C:\WINDOWS\System32\KERNEL32.DLL
0x00007ffbaa970000 - 0x00007ffbaac4a000 	C:\WINDOWS\System32\KERNELBASE.dll
0x00007ffbaa630000 - 0x00007ffbaa730000 	C:\WINDOWS\System32\ucrtbase.dll
0x00007ffb98200000 - 0x00007ffb98218000 	C:\Users\andre\.p2\pool\plugins\org.eclipse.justj.openjdk.hotspot.jre.full.win32.x86_64_17.0.4.v20220903-1038\jre\bin\jli.dll
0x00007ffb98220000 - 0x00007ffb98239000 	C:\Users\andre\.p2\pool\plugins\org.eclipse.justj.openjdk.hotspot.jre.full.win32.x86_64_17.0.4.v20220903-1038\jre\bin\VCRUNTIME140.dll
0x00007ffbaaf40000 - 0x00007ffbab0dd000 	C:\WINDOWS\System32\USER32.dll
0x00007ffbaa760000 - 0x00007ffbaa782000 	C:\WINDOWS\System32\win32u.dll
0x00007ffbabfe0000 - 0x00007ffbac00b000 	C:\WINDOWS\System32\GDI32.dll
0x00007ffb9ce20000 - 0x00007ffb9d0ba000 	C:\WINDOWS\WinSxS\amd64_microsoft.windows.common-controls_6595b64144ccf1df_6.0.19041.1110_none_60b5254171f9507e\COMCTL32.dll
0x00007ffbaaca0000 - 0x00007ffbaadb0000 	C:\WINDOWS\System32\gdi32full.dll
0x00007ffbaae50000 - 0x00007ffbaaeee000 	C:\WINDOWS\System32\msvcrt.dll
0x00007ffbaa790000 - 0x00007ffbaa82d000 	C:\WINDOWS\System32\msvcp_win.dll
0x00007ffbaaef0000 - 0x00007ffbaaf20000 	C:\WINDOWS\System32\IMM32.DLL
0x00007ffba5440000 - 0x00007ffba544c000 	C:\Users\andre\.p2\pool\plugins\org.eclipse.justj.openjdk.hotspot.jre.full.win32.x86_64_17.0.4.v20220903-1038\jre\bin\vcruntime140_1.dll
0x00007ffb849e0000 - 0x00007ffb84a71000 	C:\Users\andre\.p2\pool\plugins\org.eclipse.justj.openjdk.hotspot.jre.full.win32.x86_64_17.0.4.v20220903-1038\jre\bin\msvcp140.dll
0x00007ffb727e0000 - 0x00007ffb73426000 	C:\Users\andre\.p2\pool\plugins\org.eclipse.justj.openjdk.hotspot.jre.full.win32.x86_64_17.0.4.v20220903-1038\jre\bin\server\jvm.dll
0x00007ffbab830000 - 0x00007ffbab8de000 	C:\WINDOWS\System32\ADVAPI32.dll
0x00007ffbaadb0000 - 0x00007ffbaae4c000 	C:\WINDOWS\System32\sechost.dll
0x00007ffbac370000 - 0x00007ffbac496000 	C:\WINDOWS\System32\RPCRT4.dll
0x00007ffbacd00000 - 0x00007ffbacd08000 	C:\WINDOWS\System32\PSAPI.DLL
0x00007ffba03f0000 - 0x00007ffba0417000 	C:\WINDOWS\SYSTEM32\WINMM.dll
0x00007ffba7830000 - 0x00007ffba7839000 	C:\WINDOWS\SYSTEM32\WSOCK32.dll
0x00007ffba3800000 - 0x00007ffba380a000 	C:\WINDOWS\SYSTEM32\VERSION.dll
0x00007ffbac010000 - 0x00007ffbac07b000 	C:\WINDOWS\System32\WS2_32.dll
0x00007ffba8d00000 - 0x00007ffba8d12000 	C:\WINDOWS\SYSTEM32\kernel.appcore.dll
0x00007ffba7820000 - 0x00007ffba782a000 	C:\Users\andre\.p2\pool\plugins\org.eclipse.justj.openjdk.hotspot.jre.full.win32.x86_64_17.0.4.v20220903-1038\jre\bin\jimage.dll
0x00007ffba81a0000 - 0x00007ffba8384000 	C:\WINDOWS\SYSTEM32\DBGHELP.DLL
0x00007ffb9d4a0000 - 0x00007ffb9d4d4000 	C:\WINDOWS\SYSTEM32\dbgcore.DLL
0x00007ffbaa8e0000 - 0x00007ffbaa962000 	C:\WINDOWS\System32\bcryptPrimitives.dll
0x00007ffb9e1e0000 - 0x00007ffb9e205000 	C:\Users\andre\.p2\pool\plugins\org.eclipse.justj.openjdk.hotspot.jre.full.win32.x86_64_17.0.4.v20220903-1038\jre\bin\java.dll

dbghelp: loaded successfully - version: 4.0.5 - missing functions: none
symbol engine: initialized successfully - sym options: 0x614 - pdb path: .;C:\Users\andre\.p2\pool\plugins\org.eclipse.justj.openjdk.hotspot.jre.full.win32.x86_64_17.0.4.v20220903-1038\jre\bin;C:\WINDOWS\SYSTEM32;C:\WINDOWS\WinSxS\amd64_microsoft.windows.common-controls_6595b64144ccf1df_6.0.19041.1110_none_60b5254171f9507e;C:\Users\andre\.p2\pool\plugins\org.eclipse.justj.openjdk.hotspot.jre.full.win32.x86_64_17.0.4.v20220903-1038\jre\bin\server

VM Arguments:
jvm_args: -Dfile.encoding=UTF-8 --module-path=C:\Users\andre\.p2\pool\plugins\junit-jupiter-api_5.9.0.jar;C:\Users\andre\.p2\pool\plugins\junit-jupiter-engine_5.9.0.jar;C:\Users\andre\.p2\pool\plugins\junit-jupiter-migrationsupport_5.9.0.jar;C:\Users\andre\.p2\pool\plugins\junit-jupiter-params_5.9.0.jar;C:\Users\andre\.p2\pool\plugins\junit-platform-commons_1.9.0.jar;C:\Users\andre\.p2\pool\plugins\junit-platform-engine_1.9.0.jar;C:\Users\andre\.p2\pool\plugins\junit-platform-launcher_1.9.0.jar;C:\Users\andre\.p2\pool\plugins\junit-platform-runner_1.9.0.jar;C:\Users\andre\.p2\pool\plugins\junit-platform-suite-api_1.9.0.jar;C:\Users\andre\.p2\pool\plugins\junit-platform-suite-engine_1.9.0.jar;C:\Users\andre\.p2\pool\plugins\junit-platform-suite-commons_1.9.0.jar;C:\Users\andre\.p2\pool\plugins\junit-vintage-engine_5.9.0.jar;C:\Users\andre\.p2\pool\plugins\org.opentest4j_1.2.0.jar;C:\Users\andre\.p2\pool\plugins\org.apiguardian.api_1.1.2.jar;C:\Users\andre\.p2\pool\plugins\org.junit_4.13.2.v20211018-1956.jar;C:\Users\andre\.p2\pool\plugins\org.hamcrest.core_1.3.0.v20180420-1519.jar -XX:+ShowCodeDetailsInExceptionMessages 
java_command: Presentacion.Launcher.main
java_class_path (initial): C:\Users\andre\git\ISCampusVirtual\ISCampusVirtual\bin;C:\Users\andre\git\ISCampusVirtual\ISCampusVirtual\lib\mysql-connector-java-8.0.28 (2).jar
Launcher Type: SUN_STANDARD

[Global flags]
     intx CICompilerCount                          = 4                                         {product} {ergonomic}
     uint ConcGCThreads                            = 3                                         {product} {ergonomic}
     uint G1ConcRefinementThreads                  = 10                                        {product} {ergonomic}
   size_t G1HeapRegionSize                         = 2097152                                   {product} {ergonomic}
    uintx GCDrainStackTargetSize                   = 64                                        {product} {ergonomic}
   size_t InitialHeapSize                          = 268435456                                 {product} {ergonomic}
   size_t MarkStackSize                            = 4194304                                   {product} {ergonomic}
   size_t MaxHeapSize                              = 4278190080                                {product} {ergonomic}
   size_t MinHeapDeltaBytes                        = 2097152                                   {product} {ergonomic}
   size_t MinHeapSize                              = 8388608                                   {product} {ergonomic}
    uintx NonNMethodCodeHeapSize                   = 5839372                                {pd product} {ergonomic}
    uintx NonProfiledCodeHeapSize                  = 122909434                              {pd product} {ergonomic}
    uintx ProfiledCodeHeapSize                     = 122909434                              {pd product} {ergonomic}
    uintx ReservedCodeCacheSize                    = 251658240                              {pd product} {ergonomic}
     bool SegmentedCodeCache                       = true                                      {product} {ergonomic}
     bool ShowCodeDetailsInExceptionMessages       = true                                   {manageable} {command line}
   size_t SoftMaxHeapSize                          = 4278190080                             {manageable} {ergonomic}
     bool UseCompressedClassPointers               = true                           {product lp64_product} {ergonomic}
     bool UseCompressedOops                        = true                           {product lp64_product} {ergonomic}
     bool UseG1GC                                  = true                                      {product} {ergonomic}
     bool UseLargePagesIndividualAllocation        = false                                  {pd product} {ergonomic}

Logging:
Log output configuration:
 #0: stdout all=warning uptime,level,tags
 #1: stderr all=off uptime,level,tags

Environment Variables:
PATH=C:/Users/andre/.p2/pool/plugins/org.eclipse.justj.openjdk.hotspot.jre.full.win32.x86_64_17.0.4.v20220903-1038/jre/bin/server;C:/Users/andre/.p2/pool/plugins/org.eclipse.justj.openjdk.hotspot.jre.full.win32.x86_64_17.0.4.v20220903-1038/jre/bin;C:\WINDOWS\system32;C:\WINDOWS;C:\WINDOWS\System32\Wbem;C:\WINDOWS\System32\WindowsPowerShell\v1.0\;C:\WINDOWS\System32\OpenSSH\;C:\Program Files\NVIDIA Corporation\NVIDIA NvDLISR;C:\Program Files (x86)\NVIDIA Corporation\PhysX\Common;C:\Users\andre\AppData\Local\Microsoft\WindowsApps;;C:\WINDOWS\System32;
USERNAME=andre
OS=Windows_NT
PROCESSOR_IDENTIFIER=AMD64 Family 23 Model 113 Stepping 0, AuthenticAMD
TMP=C:\Users\andre\AppData\Local\Temp
TEMP=C:\Users\andre\AppData\Local\Temp



---------------  S Y S T E M  ---------------

OS:
 Windows 10 , 64 bit Build 19041 (10.0.19041.2788)
OS uptime: 2 days 1:59 hours

CPU: total 12 (initial active 12) (12 cores per cpu, 2 threads per core) family 23 model 113 stepping 0 microcode 0x0, cx8, cmov, fxsr, ht, mmx, 3dnowpref, sse, sse2, sse3, ssse3, sse4a, sse4.1, sse4.2, popcnt, lzcnt, tsc, tscinvbit, avx, avx2, aes, clmul, bmi1, bmi2, adx, sha, fma, vzeroupper, clflush, clflushopt

Memory: 4k page, system-wide physical 16313M (7414M free)
TotalPageFile size 30546M (AvailPageFile size 7M)
current process WorkingSet (physical memory assigned to process): 10M, peak: 10M
current process commit charge ("private bytes"): 64M, peak: 320M

vm_info: OpenJDK 64-Bit Server VM (17.0.4.1+1) for windows-amd64 JRE (17.0.4.1+1), built on Aug 17 2022 07:42:43 by "temurin" with MS VC++ 16.7 (VS2019)

END.
